Arguments: 
  /usr/local/bin/node /usr/local/Cellar/yarn/1.3.2/libexec/bin/yarn.js add babel-core babel-loader babel-preset-es2015 babel-preset-react babel-preset-stage-2 clean-webpack-plugin css-loader html-webpack-plugin react-hot-loader style-loader uglifyjs-webpack-plugin webpack webpack-dev-server webpack-merge --dev

PATH: 
  /Users/iEric/.sdkman/candidates/java/current/bin:/Users/iEric/bin:/usr/local/bin:/usr/bin:/bin:/usr/sbin:/sbin:/Users/iEric/.rvm/bin

Yarn version: 
  1.3.2

Node version: 
  6.9.5

Platform: 
  darwin x64

npm manifest: 
  {
    "name": "bootstrap-react",
    "version": "1.0.0",
    "main": "index.js",
    "license": "MIT"
  }

yarn manifest: 
  No manifest

Lockfile: 
  No lockfile

Trace: 
  Error: https://registry.yarnpkg.com/babel-preset-stage-3/-/babel-preset-stage-3-6.24.1.tgz: ETIMEDOUT
      at Timeout._onTimeout (/usr/local/Cellar/yarn/1.3.2/libexec/lib/cli.js:123749:19)
      at ontimeout (timers.js:365:14)
      at tryOnTimeout (timers.js:237:5)
      at Timer.listOnTimeout (timers.js:207:5)
